Logfile initialized
[INFO] logfile = /home/addiel/Titanium Studio Workspace/hackday/build.log
[DEBUG] /home/addiel/.titanium/mobilesdk/linux/2.0.1.GA2/android/builder.py install hackday /home/addiel/developer/android linux/android-sdk-linux_x86 /home/addiel/Titanium Studio Workspace/hackday com.ideashappy.hackday 8
[INFO] Titanium SDK version: 2.0.1 (04/12/12 16:33 999c68a)
[DEBUG] Waiting for device to be ready ...
[TRACE] adb devices returned 2 devices/emulators
[DEBUG] Device connected... (waited 0 seconds)
[DEBUG] waited 0.004783 seconds on emulator to get ready
[DEBUG] com.ideashappy.hackday installed? False
[INFO] Copying CommonJS modules...
[INFO] Copying project resources..
[INFO] Detected change in tiapp.xml, or assets deleted. Forcing full re-build...
[TRACE] COPYING CREATED FILE: /home/addiel/Titanium Studio Workspace/hackday/Resources/KS_nav_views.png => /home/addiel/Titanium Studio Workspace/hackday/build/android/bin/assets/Resources/KS_nav_views.png
[TRACE] COPYING CREATED FILE: /home/addiel/Titanium Studio Workspace/hackday/Resources/app.js => /home/addiel/Titanium Studio Workspace/hackday/build/android/bin/assets/Resources/app.js
[TRACE] COPYING CREATED FILE: /home/addiel/Titanium Studio Workspace/hackday/Resources/android/images/._.DS_Store => /home/addiel/Titanium Studio Workspace/hackday/build/android/bin/assets/Resources/images/._.DS_Store
[TRACE] COPYING CREATED FILE: /home/addiel/Titanium Studio Workspace/hackday/Resources/android/back.png => /home/addiel/Titanium Studio Workspace/hackday/build/android/bin/assets/Resources/back.png
[TRACE] COPYING CREATED FILE: /home/addiel/Titanium Studio Workspace/hackday/Resources/android/appicon.png => /home/addiel/Titanium Studio Workspace/hackday/build/android/bin/assets/Resources/appicon.png
[TRACE] COPYING CREATED FILE: /home/addiel/Titanium Studio Workspace/hackday/Resources/android/._back.png => /home/addiel/Titanium Studio Workspace/hackday/build/android/bin/assets/Resources/._back.png
[TRACE] COPYING CREATED FILE: /home/addiel/Titanium Studio Workspace/hackday/Resources/android/._.DS_Store => /home/addiel/Titanium Studio Workspace/hackday/build/android/bin/assets/Resources/._.DS_Store
[TRACE] COPYING CREATED FILE: /home/addiel/Titanium Studio Workspace/hackday/Resources/android/default.png => /home/addiel/Titanium Studio Workspace/hackday/build/android/bin/assets/Resources/default.png
[TRACE] COPYING CREATED FILE: /home/addiel/Titanium Studio Workspace/hackday/Resources/android/._appicon.png => /home/addiel/Titanium Studio Workspace/hackday/build/android/bin/assets/Resources/._appicon.png
[TRACE] COPYING CREATED FILE: /home/addiel/Titanium Studio Workspace/hackday/Resources/json/json.js => /home/addiel/Titanium Studio Workspace/hackday/build/android/bin/assets/Resources/json/json.js
[TRACE] COPYING CREATED FILE: /home/addiel/Titanium Studio Workspace/hackday/Resources/NavigationController.js => /home/addiel/Titanium Studio Workspace/hackday/build/android/bin/assets/Resources/NavigationController.js
[TRACE] COPYING CREATED FILE: /home/addiel/Titanium Studio Workspace/hackday/Resources/KS_nav_ui.png => /home/addiel/Titanium Studio Workspace/hackday/build/android/bin/assets/Resources/KS_nav_ui.png
[TRACE] COPYING CREATED FILE: /home/addiel/Titanium Studio Workspace/hackday/Resources/mapa2.js => /home/addiel/Titanium Studio Workspace/hackday/build/android/bin/assets/Resources/mapa2.js
[TRACE] COPYING CREATED FILE: /home/addiel/Titanium Studio Workspace/hackday/Resources/imagenes/back.png => /home/addiel/Titanium Studio Workspace/hackday/build/android/bin/assets/Resources/imagenes/back.png
[TRACE] COPYING CREATED FILE: /home/addiel/Titanium Studio Workspace/hackday/Resources/imagenes/._.DS_Store => /home/addiel/Titanium Studio Workspace/hackday/build/android/bin/assets/Resources/imagenes/._.DS_Store
[TRACE] COPYING CREATED FILE: /home/addiel/Titanium Studio Workspace/hackday/Resources/imagenes/hard/ran.png => /home/addiel/Titanium Studio Workspace/hackday/build/android/bin/assets/Resources/imagenes/hard/ran.png
[TRACE] COPYING CREATED FILE: /home/addiel/Titanium Studio Workspace/hackday/Resources/imagenes/hard/._t.png => /home/addiel/Titanium Studio Workspace/hackday/build/android/bin/assets/Resources/imagenes/hard/._t.png
[TRACE] COPYING CREATED FILE: /home/addiel/Titanium Studio Workspace/hackday/Resources/imagenes/hard/foto.png => /home/addiel/Titanium Studio Workspace/hackday/build/android/bin/assets/Resources/imagenes/hard/foto.png
[TRACE] COPYING CREATED FILE: /home/addiel/Titanium Studio Workspace/hackday/Resources/imagenes/hard/LOGIN.png => /home/addiel/Titanium Studio Workspace/hackday/build/android/bin/assets/Resources/imagenes/hard/LOGIN.png
[TRACE] COPYING CREATED FILE: /home/addiel/Titanium Studio Workspace/hackday/Resources/imagenes/hard/back.png => /home/addiel/Titanium Studio Workspace/hackday/build/android/bin/assets/Resources/imagenes/hard/back.png
[TRACE] COPYING CREATED FILE: /home/addiel/Titanium Studio Workspace/hackday/Resources/imagenes/hard/._back.png => /home/addiel/Titanium Studio Workspace/hackday/build/android/bin/assets/Resources/imagenes/hard/._back.png
[TRACE] COPYING CREATED FILE: /home/addiel/Titanium Studio Workspace/hackday/Resources/imagenes/hard/splash.png => /home/addiel/Titanium Studio Workspace/hackday/build/android/bin/assets/Resources/imagenes/hard/splash.png
[TRACE] COPYING CREATED FILE: /home/addiel/Titanium Studio Workspace/hackday/Resources/imagenes/hard/._.DS_Store => /home/addiel/Titanium Studio Workspace/hackday/build/android/bin/assets/Resources/imagenes/hard/._.DS_Store
[TRACE] COPYING CREATED FILE: /home/addiel/Titanium Studio Workspace/hackday/Resources/imagenes/hard/Registro.png => /home/addiel/Titanium Studio Workspace/hackday/build/android/bin/assets/Resources/imagenes/hard/Registro.png
[TRACE] COPYING CREATED FILE: /home/addiel/Titanium Studio Workspace/hackday/Resources/imagenes/hard/Regis.xcf => /home/addiel/Titanium Studio Workspace/hackday/build/android/bin/assets/Resources/imagenes/hard/Regis.xcf
[TRACE] COPYING CREATED FILE: /home/addiel/Titanium Studio Workspace/hackday/Resources/imagenes/hard/Geolocalizacion.png => /home/addiel/Titanium Studio Workspace/hackday/build/android/bin/assets/Resources/imagenes/hard/Geolocalizacion.png
[TRACE] COPYING CREATED FILE: /home/addiel/Titanium Studio Workspace/hackday/Resources/imagenes/hard/t.png => /home/addiel/Titanium Studio Workspace/hackday/build/android/bin/assets/Resources/imagenes/hard/t.png
[TRACE] COPYING CREATED FILE: /home/addiel/Titanium Studio Workspace/hackday/Resources/imagenes/hard/plantilla-iconoes.xcf => /home/addiel/Titanium Studio Workspace/hackday/build/android/bin/assets/Resources/imagenes/hard/plantilla-iconoes.xcf
[TRACE] COPYING CREATED FILE: /home/addiel/Titanium Studio Workspace/hackday/Resources/imagenes/hard/lugares.png => /home/addiel/Titanium Studio Workspace/hackday/build/android/bin/assets/Resources/imagenes/hard/lugares.png
[TRACE] COPYING CREATED FILE: /home/addiel/Titanium Studio Workspace/hackday/Resources/ui/login.js => /home/addiel/Titanium Studio Workspace/hackday/build/android/bin/assets/Resources/ui/login.js
[TRACE] COPYING CREATED FILE: /home/addiel/Titanium Studio Workspace/hackday/Resources/ui/redes.js => /home/addiel/Titanium Studio Workspace/hackday/build/android/bin/assets/Resources/ui/redes.js
[TRACE] COPYING CREATED FILE: /home/addiel/Titanium Studio Workspace/hackday/Resources/ui/login2.js => /home/addiel/Titanium Studio Workspace/hackday/build/android/bin/assets/Resources/ui/login2.js
[TRACE] COPYING CREATED FILE: /home/addiel/Titanium Studio Workspace/hackday/Resources/ui/foto1.js => /home/addiel/Titanium Studio Workspace/hackday/build/android/bin/assets/Resources/ui/foto1.js
[TRACE] COPYING CREATED FILE: /home/addiel/Titanium Studio Workspace/hackday/Resources/ui/registro2.js => /home/addiel/Titanium Studio Workspace/hackday/build/android/bin/assets/Resources/ui/registro2.js
[TRACE] COPYING CREATED FILE: /home/addiel/Titanium Studio Workspace/hackday/Resources/ui/._.DS_Store => /home/addiel/Titanium Studio Workspace/hackday/build/android/bin/assets/Resources/ui/._.DS_Store
[TRACE] COPYING CREATED FILE: /home/addiel/Titanium Studio Workspace/hackday/Resources/ui/primera.js => /home/addiel/Titanium Studio Workspace/hackday/build/android/bin/assets/Resources/ui/primera.js
[TRACE] COPYING CREATED FILE: /home/addiel/Titanium Studio Workspace/hackday/Resources/ui/registro.js => /home/addiel/Titanium Studio Workspace/hackday/build/android/bin/assets/Resources/ui/registro.js
[TRACE] COPYING CREATED FILE: /home/addiel/Titanium Studio Workspace/hackday/Resources/ui/foto.js => /home/addiel/Titanium Studio Workspace/hackday/build/android/bin/assets/Resources/ui/foto.js
[TRACE] Generating Java Classes
[DEBUG] Processing Android resource drawables
[DEBUG] app stylesheet => /home/addiel/Titanium Studio Workspace/hackday/build/android/gen/com/ideashappy/hackday/ApplicationStylesheet.java
[DEBUG] copying app icon: /home/addiel/Titanium Studio Workspace/hackday/build/android/bin/assets/Resources/appicon.png
[DEBUG] generating theme.xml
[DEBUG] found drawable-notlong-land-hdpi splash screen at /home/addiel/Titanium Studio Workspace/hackday/Resources/android/images/res-notlong-land-hdpi/default.png
[DEBUG] copying /home/addiel/Titanium Studio Workspace/hackday/Resources/android/images/res-notlong-land-hdpi/default.png splash screen to /home/addiel/Titanium Studio Workspace/hackday/build/android/res/drawable-notlong-land-hdpi/background.png
[DEBUG] found drawable-notlong-port-ldpi splash screen at /home/addiel/Titanium Studio Workspace/hackday/Resources/android/images/res-notlong-port-ldpi/default.png
[DEBUG] copying /home/addiel/Titanium Studio Workspace/hackday/Resources/android/images/res-notlong-port-ldpi/default.png splash screen to /home/addiel/Titanium Studio Workspace/hackday/build/android/res/drawable-notlong-port-ldpi/background.png
[DEBUG] found drawable-long-port-ldpi splash screen at /home/addiel/Titanium Studio Workspace/hackday/Resources/android/images/res-long-port-ldpi/default.png
[DEBUG] copying /home/addiel/Titanium Studio Workspace/hackday/Resources/android/images/res-long-port-ldpi/default.png splash screen to /home/addiel/Titanium Studio Workspace/hackday/build/android/res/drawable-long-port-ldpi/background.png
[DEBUG] found drawable-notlong-port-hdpi splash screen at /home/addiel/Titanium Studio Workspace/hackday/Resources/android/images/res-notlong-port-hdpi/default.png
[DEBUG] copying /home/addiel/Titanium Studio Workspace/hackday/Resources/android/images/res-notlong-port-hdpi/default.png splash screen to /home/addiel/Titanium Studio Workspace/hackday/build/android/res/drawable-notlong-port-hdpi/background.png
[DEBUG] found drawable-long-port-hdpi splash screen at /home/addiel/Titanium Studio Workspace/hackday/Resources/android/images/res-long-port-hdpi/default.png
[DEBUG] copying /home/addiel/Titanium Studio Workspace/hackday/Resources/android/images/res-long-port-hdpi/default.png splash screen to /home/addiel/Titanium Studio Workspace/hackday/build/android/res/drawable-long-port-hdpi/background.png
[DEBUG] found drawable-long-land-hdpi splash screen at /home/addiel/Titanium Studio Workspace/hackday/Resources/android/images/res-long-land-hdpi/default.png
[DEBUG] copying /home/addiel/Titanium Studio Workspace/hackday/Resources/android/images/res-long-land-hdpi/default.png splash screen to /home/addiel/Titanium Studio Workspace/hackday/build/android/res/drawable-long-land-hdpi/background.png
[DEBUG] found drawable-long-land-ldpi splash screen at /home/addiel/Titanium Studio Workspace/hackday/Resources/android/images/res-long-land-ldpi/default.png
[DEBUG] copying /home/addiel/Titanium Studio Workspace/hackday/Resources/android/images/res-long-land-ldpi/default.png splash screen to /home/addiel/Titanium Studio Workspace/hackday/build/android/res/drawable-long-land-ldpi/background.png
[DEBUG] found drawable-notlong-port-mdpi splash screen at /home/addiel/Titanium Studio Workspace/hackday/Resources/android/images/res-notlong-port-mdpi/default.png
[DEBUG] copying /home/addiel/Titanium Studio Workspace/hackday/Resources/android/images/res-notlong-port-mdpi/default.png splash screen to /home/addiel/Titanium Studio Workspace/hackday/build/android/res/drawable-notlong-port-mdpi/background.png
[DEBUG] found drawable-notlong-land-ldpi splash screen at /home/addiel/Titanium Studio Workspace/hackday/Resources/android/images/res-notlong-land-ldpi/default.png
[DEBUG] copying /home/addiel/Titanium Studio Workspace/hackday/Resources/android/images/res-notlong-land-ldpi/default.png splash screen to /home/addiel/Titanium Studio Workspace/hackday/build/android/res/drawable-notlong-land-ldpi/background.png
[DEBUG] found drawable-notlong-land-mdpi splash screen at /home/addiel/Titanium Studio Workspace/hackday/Resources/android/images/res-notlong-land-mdpi/default.png
[DEBUG] copying /home/addiel/Titanium Studio Workspace/hackday/Resources/android/images/res-notlong-land-mdpi/default.png splash screen to /home/addiel/Titanium Studio Workspace/hackday/build/android/res/drawable-notlong-land-mdpi/background.png
[DEBUG] found splash screen at /home/addiel/Titanium Studio Workspace/hackday/build/android/bin/assets/Resources/default.png
[TRACE] Writing out AndroidManifest.xml
[DEBUG] adding /home/addiel/Titanium Studio Workspace/hackday/build/android/gen/com/ideashappy/hackday/HackdayActivity.java to javac build list
[DEBUG] adding /home/addiel/Titanium Studio Workspace/hackday/build/android/gen/com/ideashappy/hackday/HackdayAppInfo.java to javac build list
[DEBUG] adding /home/addiel/Titanium Studio Workspace/hackday/build/android/gen/com/ideashappy/hackday/R.java to javac build list
[DEBUG] adding /home/addiel/Titanium Studio Workspace/hackday/build/android/gen/com/ideashappy/hackday/ApplicationStylesheet.java to javac build list
[DEBUG] adding /home/addiel/Titanium Studio Workspace/hackday/build/android/gen/com/ideashappy/hackday/HackdayApplication.java to javac build list
[DEBUG] Building Java Sources: "/home/addiel/Titanium Studio Workspace/hackday/build/android/gen/com/ideashappy/hackday/HackdayActivity.java" "/home/addiel/Titanium Studio Workspace/hackday/build/android/gen/com/ideashappy/hackday/HackdayAppInfo.java" "/home/addiel/Titanium Studio Workspace/hackday/build/android/gen/com/ideashappy/hackday/R.java" "/home/addiel/Titanium Studio Workspace/hackday/build/android/gen/com/ideashappy/hackday/ApplicationStylesheet.java" "/home/addiel/Titanium Studio Workspace/hackday/build/android/gen/com/ideashappy/hackday/HackdayApplication.java"
[INFO] Compiling Android Resources... This could take some time
[DEBUG] Android classes.dex built
[DEBUG] creating unsigned apk: /home/addiel/Titanium Studio Workspace/hackday/build/android/bin/app-unsigned.apk
[DEBUG] from resource zip => assets/Resources/imagenes/hard/Geolocalizacion.png
[DEBUG] from resource zip => assets/Resources/imagenes/hard/LOGIN.png
[DEBUG] from resource zip => assets/Resources/imagenes/hard/Regis.xcf
[DEBUG] from resource zip => assets/Resources/imagenes/hard/Registro.png
[DEBUG] from resource zip => assets/Resources/imagenes/hard/back.png
[DEBUG] from resource zip => assets/Resources/imagenes/hard/foto.png
[DEBUG] from resource zip => assets/Resources/imagenes/hard/lugares.png
[DEBUG] from resource zip => assets/Resources/imagenes/hard/plantilla-iconoes.xcf
[DEBUG] from resource zip => assets/Resources/imagenes/hard/ran.png
[DEBUG] from resource zip => assets/Resources/imagenes/hard/splash.png
[DEBUG] from resource zip => assets/Resources/imagenes/hard/t.png
[DEBUG] from resource zip => assets/Resources/imagenes/back.png
[DEBUG] from resource zip => assets/Resources/json/json.js
[DEBUG] from resource zip => assets/Resources/ui/foto.js
[DEBUG] from resource zip => assets/Resources/ui/foto1.js
[DEBUG] from resource zip => assets/Resources/ui/login.js
[DEBUG] from resource zip => assets/Resources/ui/login2.js
[DEBUG] from resource zip => assets/Resources/ui/primera.js
[DEBUG] from resource zip => assets/Resources/ui/redes.js
[DEBUG] from resource zip => assets/Resources/ui/registro.js
[DEBUG] from resource zip => assets/Resources/ui/registro2.js
[DEBUG] from resource zip => assets/Resources/KS_nav_ui.png
[DEBUG] from resource zip => assets/Resources/KS_nav_views.png
[DEBUG] from resource zip => assets/Resources/NavigationController.js
[DEBUG] from resource zip => assets/Resources/app.js
[DEBUG] from resource zip => assets/Resources/appicon.png
[DEBUG] from resource zip => assets/Resources/back.png
[DEBUG] from resource zip => assets/Resources/default.png
[DEBUG] from resource zip => assets/Resources/mapa2.js
[DEBUG] from resource zip => assets/app.json
[DEBUG] from resource zip => assets/index.json
[DEBUG] from resource zip => assets/tiapp.xml
[DEBUG] from resource zip => res/drawable/appicon.png
[DEBUG] from resource zip => res/drawable/background.png
[DEBUG] from resource zip => res/drawable/close.png
[DEBUG] from resource zip => res/drawable/facebook_login.png
[DEBUG] from resource zip => res/drawable/facebook_login_down.png
[DEBUG] from resource zip => res/drawable/facebook_login_wide.png
[DEBUG] from resource zip => res/drawable/facebook_login_wide_down.png
[DEBUG] from resource zip => res/drawable/facebook_logout.png
[DEBUG] from resource zip => res/drawable/facebook_logout_down.png
[DEBUG] from resource zip => res/layout/titanium_tabgroup.xml
[DEBUG] from resource zip => AndroidManifest.xml
[DEBUG] from resource zip => resources.arsc
[DEBUG] from resource zip => res/drawable-hdpi/close.png
[DEBUG] from resource zip => res/drawable-ldpi/close.png
[DEBUG] from resource zip => res/drawable-long-land-hdpi/background.png
[DEBUG] from resource zip => res/drawable-long-land-ldpi/background.png
[DEBUG] from resource zip => res/drawable-long-port-hdpi/background.png
[DEBUG] from resource zip => res/drawable-long-port-ldpi/background.png
[DEBUG] from resource zip => res/drawable-notlong-land-hdpi/background.png
[DEBUG] from resource zip => res/drawable-notlong-land-ldpi/background.png
[DEBUG] from resource zip => res/drawable-notlong-land-mdpi/background.png
[DEBUG] from resource zip => res/drawable-notlong-port-hdpi/background.png
[DEBUG] from resource zip => res/drawable-notlong-port-ldpi/background.png
[DEBUG] from resource zip => res/drawable-notlong-port-mdpi/background.png
[DEBUG] from JAR /home/addiel/.titanium/mobilesdk/linux/2.0.1.GA2/android/titanium.jar => org/appcelerator/titanium/build.properties
[DEBUG] from JAR /home/addiel/.titanium/mobilesdk/linux/2.0.1.GA2/android/titanium.jar => org/appcelerator/titanium/res/drawable/background.png
[DEBUG] from JAR /home/addiel/.titanium/mobilesdk/linux/2.0.1.GA2/android/titanium.jar => org/appcelerator/titanium/res/drawable/btn_check_buttonless_on.png
[DEBUG] from JAR /home/addiel/.titanium/mobilesdk/linux/2.0.1.GA2/android/titanium.jar => org/appcelerator/titanium/res/drawable/btn_check_buttonless_on_18.png
[DEBUG] from JAR /home/addiel/.titanium/mobilesdk/linux/2.0.1.GA2/android/titanium.jar => org/appcelerator/titanium/res/drawable/btn_check_buttonless_on_48.png
[DEBUG] from JAR /home/addiel/.titanium/mobilesdk/linux/2.0.1.GA2/android/titanium.jar => org/appcelerator/titanium/res/drawable/btn_more.png
[DEBUG] from JAR /home/addiel/.titanium/mobilesdk/linux/2.0.1.GA2/android/titanium.jar => org/appcelerator/titanium/res/drawable/btn_more_18.png
[DEBUG] from JAR /home/addiel/.titanium/mobilesdk/linux/2.0.1.GA2/android/titanium.jar => org/appcelerator/titanium/res/drawable/btn_more_48.png
[DEBUG] from JAR /home/addiel/.titanium/mobilesdk/linux/2.0.1.GA2/android/titanium.jar => org/appcelerator/titanium/res/drawable/btn_picker_normal.9.png
[DEBUG] from JAR /home/addiel/.titanium/mobilesdk/linux/2.0.1.GA2/android/titanium.jar => org/appcelerator/titanium/res/drawable/btn_picker_pressed.9.png
[DEBUG] from JAR /home/addiel/.titanium/mobilesdk/linux/2.0.1.GA2/android/titanium.jar => org/appcelerator/titanium/res/drawable/btn_picker_selected.9.png
[DEBUG] from JAR /home/addiel/.titanium/mobilesdk/linux/2.0.1.GA2/android/titanium.jar => org/appcelerator/titanium/res/drawable/default_icon.png
[DEBUG] from JAR /home/addiel/.titanium/mobilesdk/linux/2.0.1.GA2/android/titanium.jar => org/appcelerator/titanium/res/drawable/photoDefault.png
[DEBUG] from JAR /home/addiel/.titanium/mobilesdk/linux/2.0.1.GA2/android/modules/titanium-ui.jar => ti/modules/titanium/ui/widget/webview/binding.js
[DEBUG] from JAR /home/addiel/.titanium/mobilesdk/linux/2.0.1.GA2/android/modules/titanium-ui.jar => ti/modules/titanium/ui/widget/webview/binding.min.js
[DEBUG] from JAR /home/addiel/.titanium/mobilesdk/linux/2.0.1.GA2/android/modules/titanium-ui.jar => ti/modules/titanium/ui/widget/webview/json2.js
[DEBUG] from JAR /home/addiel/.titanium/mobilesdk/linux/2.0.1.GA2/android/modules/titanium-facebook.jar => ti/modules/titanium/facebook/LICENSE
[DEBUG] from JAR /home/addiel/.titanium/mobilesdk/linux/2.0.1.GA2/android/thirdparty.jar => org/apache/Commons-NOTICE.txt
[DEBUG] from JAR /home/addiel/.titanium/mobilesdk/linux/2.0.1.GA2/android/thirdparty.jar => org/apache/HttpComponents-NOTICE.txt
[DEBUG] from JAR /home/addiel/.titanium/mobilesdk/linux/2.0.1.GA2/android/thirdparty.jar => org/apache/mime4j-NOTICE.txt
[DEBUG] installing native SDK libs
[DEBUG] Waiting for device to be ready ...
[TRACE] adb devices returned 2 devices/emulators
[DEBUG] Device connected... (waited 0 seconds)
[DEBUG] waited 0.008885 seconds on emulator to get ready
[INFO] Installing application on device
[INFO] Application installed. Launch from drawer on Home Screen
